1587538405413	mozrunner::runner	INFO	Running command: "/usr/bin/firefox" "-marionette" "-headless" "-foreground" "-no-remote" "-profile" "/tmp/rust_mozprofile6N9SUl"
*** You are running in headless mode.
1587538410316	addons.webextension.doh-rollout@mozilla.org	WARN	Loading extension 'doh-rollout@mozilla.org': Reading manifest: Invalid extension permission: networkStatus
1587538412862	addons.webextension.screenshots@mozilla.org	WARN	Loading extension 'screenshots@mozilla.org': Reading manifest: Invalid extension permission: mozillaAddons
1587538412862	addons.webextension.screenshots@mozilla.org	WARN	Loading extension 'screenshots@mozilla.org': Reading manifest: Invalid extension permission: telemetry
1587538412862	addons.webextension.screenshots@mozilla.org	WARN	Loading extension 'screenshots@mozilla.org': Reading manifest: Invalid extension permission: resource://pdf.js/
1587538412862	addons.webextension.screenshots@mozilla.org	WARN	Loading extension 'screenshots@mozilla.org': Reading manifest: Invalid extension permission: about:reader*
1587538420424	Marionette	INFO	Listening on port 39175
1587538420681	Marionette	WARN	TLS certificate errors will be ignored for this session
1587538758719	mozrunner::runner	INFO	Running command: "/usr/bin/firefox" "-marionette" "-headless" "-headless" "-foreground" "-no-remote" "-profile" "/tmp/rust_mozprofileBr5c5Y"
*** You are running in headless mode.
1587538759517	addons.webextension.doh-rollout@mozilla.org	WARN	Loading extension 'doh-rollout@mozilla.org': Reading manifest: Invalid extension permission: networkStatus
1587538762940	addons.webextension.screenshots@mozilla.org	WARN	Loading extension 'screenshots@mozilla.org': Reading manifest: Invalid extension permission: mozillaAddons
1587538762941	addons.webextension.screenshots@mozilla.org	WARN	Loading extension 'screenshots@mozilla.org': Reading manifest: Invalid extension permission: telemetry
1587538762941	addons.webextension.screenshots@mozilla.org	WARN	Loading extension 'screenshots@mozilla.org': Reading manifest: Invalid extension permission: resource://pdf.js/
1587538762941	addons.webextension.screenshots@mozilla.org	WARN	Loading extension 'screenshots@mozilla.org': Reading manifest: Invalid extension permission: about:reader*
1587538766005	Marionette	INFO	Listening on port 44069
1587538766040	Marionette	WARN	TLS certificate errors will be ignored for this session
1587538825153	mozrunner::runner	INFO	Running command: "/usr/bin/firefox" "-marionette" "-headless" "-foreground" "-no-remote" "-profile" "/tmp/rust_mozprofileq4eleA"
*** You are running in headless mode.
1587538826351	addons.webextension.doh-rollout@mozilla.org	WARN	Loading extension 'doh-rollout@mozilla.org': Reading manifest: Invalid extension permission: networkStatus
1587538829678	addons.webextension.screenshots@mozilla.org	WARN	Loading extension 'screenshots@mozilla.org': Reading manifest: Invalid extension permission: mozillaAddons
1587538829678	addons.webextension.screenshots@mozilla.org	WARN	Loading extension 'screenshots@mozilla.org': Reading manifest: Invalid extension permission: telemetry
1587538829678	addons.webextension.screenshots@mozilla.org	WARN	Loading extension 'screenshots@mozilla.org': Reading manifest: Invalid extension permission: resource://pdf.js/
1587538829679	addons.webextension.screenshots@mozilla.org	WARN	Loading extension 'screenshots@mozilla.org': Reading manifest: Invalid extension permission: about:reader*
1587538833025	Marionette	INFO	Listening on port 33299
1587538833078	Marionette	WARN	TLS certificate errors will be ignored for this session
1587539100453	mozrunner::runner	INFO	Running command: "/usr/bin/firefox" "-marionette" "-headless" "-foreground" "-no-remote" "-profile" "/tmp/rust_mozprofileXSFq8e"
*** You are running in headless mode.
1587539101911	addons.webextension.doh-rollout@mozilla.org	WARN	Loading extension 'doh-rollout@mozilla.org': Reading manifest: Invalid extension permission: networkStatus
1587539106919	addons.webextension.screenshots@mozilla.org	WARN	Loading extension 'screenshots@mozilla.org': Reading manifest: Invalid extension permission: mozillaAddons
1587539106919	addons.webextension.screenshots@mozilla.org	WARN	Loading extension 'screenshots@mozilla.org': Reading manifest: Invalid extension permission: telemetry
1587539106919	addons.webextension.screenshots@mozilla.org	WARN	Loading extension 'screenshots@mozilla.org': Reading manifest: Invalid extension permission: resource://pdf.js/
1587539106919	addons.webextension.screenshots@mozilla.org	WARN	Loading extension 'screenshots@mozilla.org': Reading manifest: Invalid extension permission: about:reader*
1587539110778	Marionette	INFO	Listening on port 34785
1587539110987	Marionette	WARN	TLS certificate errors will be ignored for this session
1587616433866	mozrunner::runner	INFO	Running command: "/usr/bin/firefox" "-marionette" "-foreground" "-no-remote" "-profile" "/tmp/rust_mozprofileBUc02C"
1587616435119	addons.webextension.doh-rollout@mozilla.org	WARN	Loading extension 'doh-rollout@mozilla.org': Reading manifest: Invalid extension permission: networkStatus
1587616437635	addons.webextension.screenshots@mozilla.org	WARN	Loading extension 'screenshots@mozilla.org': Reading manifest: Invalid extension permission: mozillaAddons
1587616437636	addons.webextension.screenshots@mozilla.org	WARN	Loading extension 'screenshots@mozilla.org': Reading manifest: Invalid extension permission: telemetry
1587616437636	addons.webextension.screenshots@mozilla.org	WARN	Loading extension 'screenshots@mozilla.org': Reading manifest: Invalid extension permission: resource://pdf.js/
1587616437636	addons.webextension.screenshots@mozilla.org	WARN	Loading extension 'screenshots@mozilla.org': Reading manifest: Invalid extension permission: about:reader*
1587616441994	Marionette	INFO	Listening on port 41127
1587616442082	Marionette	WARN	TLS certificate errors will be ignored for this session
JavaScript warning: https://web.whatsapp.com/app.ca7f73985b45fbf63033.js, line 1: unreachable code after return statement
JavaScript warning: https://web.whatsapp.com/app.ca7f73985b45fbf63033.js, line 1: unreachable code after return statement

(/usr/lib/firefox/firefox:27082): Gtk-WARNING **: 10:04:07.701: Could not load a pixbuf from /org/gtk/libgtk/theme/Adwaita/assets/check-symbolic.svg.
This may indicate that pixbuf loaders or the mime database could not be found.
JavaScript error: , line 0: UnknownError: The operation failed for reasons unrelated to the database itself and not covered by any other error code.
1587616684117	Marionette	INFO	Stopped listening on port 41127
1587616881444	mozrunner::runner	INFO	Running command: "/usr/bin/firefox" "-marionette" "-foreground" "-no-remote" "-profile" "/tmp/rust_mozprofileWCRDm3"
1587616882205	addons.webextension.doh-rollout@mozilla.org	WARN	Loading extension 'doh-rollout@mozilla.org': Reading manifest: Invalid extension permission: networkStatus
1587616884844	addons.webextension.screenshots@mozilla.org	WARN	Loading extension 'screenshots@mozilla.org': Reading manifest: Invalid extension permission: mozillaAddons
1587616884844	addons.webextension.screenshots@mozilla.org	WARN	Loading extension 'screenshots@mozilla.org': Reading manifest: Invalid extension permission: telemetry
1587616884845	addons.webextension.screenshots@mozilla.org	WARN	Loading extension 'screenshots@mozilla.org': Reading manifest: Invalid extension permission: resource://pdf.js/
1587616884845	addons.webextension.screenshots@mozilla.org	WARN	Loading extension 'screenshots@mozilla.org': Reading manifest: Invalid extension permission: about:reader*
1587616887588	Marionette	INFO	Listening on port 44477
1587616887668	Marionette	WARN	TLS certificate errors will be ignored for this session
JavaScript warning: https://web.whatsapp.com/app.ca7f73985b45fbf63033.js, line 1: unreachable code after return statement
JavaScript warning: https://web.whatsapp.com/app.ca7f73985b45fbf63033.js, line 1: unreachable code after return statement

(/usr/lib/firefox/firefox:27924): Gtk-WARNING **: 10:11:31.172: Could not load a pixbuf from /org/gtk/libgtk/theme/Adwaita/assets/check-symbolic.svg.
This may indicate that pixbuf loaders or the mime database could not be found.
JavaScript error: , line 0: UnknownError: The operation failed for reasons unrelated to the database itself and not covered by any other error code.
1587616948735	Marionette	INFO	Stopped listening on port 44477
1587617008326	mozrunner::runner	INFO	Running command: "/usr/bin/firefox" "-marionette" "-foreground" "-no-remote" "-profile" "/tmp/rust_mozprofiledcKiO0"
1587617009221	addons.webextension.doh-rollout@mozilla.org	WARN	Loading extension 'doh-rollout@mozilla.org': Reading manifest: Invalid extension permission: networkStatus
1587617011781	addons.webextension.screenshots@mozilla.org	WARN	Loading extension 'screenshots@mozilla.org': Reading manifest: Invalid extension permission: mozillaAddons
1587617011781	addons.webextension.screenshots@mozilla.org	WARN	Loading extension 'screenshots@mozilla.org': Reading manifest: Invalid extension permission: telemetry
1587617011781	addons.webextension.screenshots@mozilla.org	WARN	Loading extension 'screenshots@mozilla.org': Reading manifest: Invalid extension permission: resource://pdf.js/
1587617011781	addons.webextension.screenshots@mozilla.org	WARN	Loading extension 'screenshots@mozilla.org': Reading manifest: Invalid extension permission: about:reader*
1587617014512	Marionette	INFO	Listening on port 44579
1587617014545	Marionette	WARN	TLS certificate errors will be ignored for this session
JavaScript warning: https://web.whatsapp.com/app.ca7f73985b45fbf63033.js, line 1: unreachable code after return statement
JavaScript warning: https://web.whatsapp.com/app.ca7f73985b45fbf63033.js, line 1: unreachable code after return statement

(/usr/lib/firefox/firefox:28448): Gtk-WARNING **: 10:13:38.129: Could not load a pixbuf from /org/gtk/libgtk/theme/Adwaita/assets/check-symbolic.svg.
This may indicate that pixbuf loaders or the mime database could not be found.
JavaScript error: , line 0: UnknownError: The operation failed for reasons unrelated to the database itself and not covered by any other error code.
1587617063169	Marionette	INFO	Stopped listening on port 44579
1587617482760	mozrunner::runner	INFO	Running command: "/usr/bin/firefox" "-marionette" "-foreground" "-no-remote" "-profile" "/tmp/rust_mozprofileHDe8W1"
1587617483714	addons.webextension.doh-rollout@mozilla.org	WARN	Loading extension 'doh-rollout@mozilla.org': Reading manifest: Invalid extension permission: networkStatus
1587617487189	addons.webextension.screenshots@mozilla.org	WARN	Loading extension 'screenshots@mozilla.org': Reading manifest: Invalid extension permission: mozillaAddons
1587617487190	addons.webextension.screenshots@mozilla.org	WARN	Loading extension 'screenshots@mozilla.org': Reading manifest: Invalid extension permission: telemetry
1587617487190	addons.webextension.screenshots@mozilla.org	WARN	Loading extension 'screenshots@mozilla.org': Reading manifest: Invalid extension permission: resource://pdf.js/
1587617487190	addons.webextension.screenshots@mozilla.org	WARN	Loading extension 'screenshots@mozilla.org': Reading manifest: Invalid extension permission: about:reader*
1587617489854	Marionette	INFO	Listening on port 42619
1587617489887	Marionette	WARN	TLS certificate errors will be ignored for this session
JavaScript warning: https://web.whatsapp.com/app.ca7f73985b45fbf63033.js, line 1: unreachable code after return statement
JavaScript warning: https://web.whatsapp.com/app.ca7f73985b45fbf63033.js, line 1: unreachable code after return statement

(/usr/lib/firefox/firefox:29181): Gtk-WARNING **: 10:21:34.293: Could not load a pixbuf from /org/gtk/libgtk/theme/Adwaita/assets/check-symbolic.svg.
This may indicate that pixbuf loaders or the mime database could not be found.
JavaScript error: , line 0: UnknownError: The operation failed for reasons unrelated to the database itself and not covered by any other error code.
1587617742732	Marionette	INFO	Stopped listening on port 42619
1587618394168	mozrunner::runner	INFO	Running command: "/usr/bin/firefox" "-marionette" "-foreground" "-no-remote" "-profile" "/tmp/rust_mozprofileBn7fYF"
1587618394962	addons.webextension.doh-rollout@mozilla.org	WARN	Loading extension 'doh-rollout@mozilla.org': Reading manifest: Invalid extension permission: networkStatus
1587618397173	addons.webextension.screenshots@mozilla.org	WARN	Loading extension 'screenshots@mozilla.org': Reading manifest: Invalid extension permission: mozillaAddons
1587618397173	addons.webextension.screenshots@mozilla.org	WARN	Loading extension 'screenshots@mozilla.org': Reading manifest: Invalid extension permission: telemetry
1587618397173	addons.webextension.screenshots@mozilla.org	WARN	Loading extension 'screenshots@mozilla.org': Reading manifest: Invalid extension permission: resource://pdf.js/
1587618397173	addons.webextension.screenshots@mozilla.org	WARN	Loading extension 'screenshots@mozilla.org': Reading manifest: Invalid extension permission: about:reader*
1587618399734	Marionette	INFO	Listening on port 42069
1587618399790	Marionette	WARN	TLS certificate errors will be ignored for this session
JavaScript warning: https://web.whatsapp.com/app.ca7f73985b45fbf63033.js, line 1: unreachable code after return statement
JavaScript warning: https://web.whatsapp.com/app.ca7f73985b45fbf63033.js, line 1: unreachable code after return statement

(/usr/lib/firefox/firefox:30183): Gtk-WARNING **: 10:36:46.345: Could not load a pixbuf from /org/gtk/libgtk/theme/Adwaita/assets/check-symbolic.svg.
This may indicate that pixbuf loaders or the mime database could not be found.
1587618459990	Marionette	INFO	Stopped listening on port 42069
1587620429966	mozrunner::runner	INFO	Running command: "/usr/bin/firefox" "-marionette" "-foreground" "-no-remote" "-profile" "/tmp/rust_mozprofilez8JGR4"
1587620430771	addons.webextension.doh-rollout@mozilla.org	WARN	Loading extension 'doh-rollout@mozilla.org': Reading manifest: Invalid extension permission: networkStatus
1587620434113	addons.webextension.screenshots@mozilla.org	WARN	Loading extension 'screenshots@mozilla.org': Reading manifest: Invalid extension permission: mozillaAddons
1587620434113	addons.webextension.screenshots@mozilla.org	WARN	Loading extension 'screenshots@mozilla.org': Reading manifest: Invalid extension permission: telemetry
1587620434114	addons.webextension.screenshots@mozilla.org	WARN	Loading extension 'screenshots@mozilla.org': Reading manifest: Invalid extension permission: resource://pdf.js/
1587620434114	addons.webextension.screenshots@mozilla.org	WARN	Loading extension 'screenshots@mozilla.org': Reading manifest: Invalid extension permission: about:reader*
1587620436867	Marionette	INFO	Listening on port 45935
1587620436895	Marionette	WARN	TLS certificate errors will be ignored for this session
JavaScript warning: https://web.whatsapp.com/app.ca7f73985b45fbf63033.js, line 1: unreachable code after return statement
JavaScript warning: https://web.whatsapp.com/app.ca7f73985b45fbf63033.js, line 1: unreachable code after return statement

(/usr/lib/firefox/firefox:31999): Gtk-WARNING **: 11:10:48.715: Could not load a pixbuf from /org/gtk/libgtk/theme/Adwaita/assets/check-symbolic.svg.
This may indicate that pixbuf loaders or the mime database could not be found.
JavaScript error: , line 0: UnknownError: The operation failed for reasons unrelated to the database itself and not covered by any other error code.
1587620513757	Marionette	INFO	Stopped listening on port 45935
1587620620822	mozrunner::runner	INFO	Running command: "/usr/bin/firefox" "-marionette" "-foreground" "-no-remote" "-profile" "/tmp/rust_mozprofileK5f5mY"
1587620622450	addons.webextension.doh-rollout@mozilla.org	WARN	Loading extension 'doh-rollout@mozilla.org': Reading manifest: Invalid extension permission: networkStatus
1587620626003	addons.webextension.screenshots@mozilla.org	WARN	Loading extension 'screenshots@mozilla.org': Reading manifest: Invalid extension permission: mozillaAddons
1587620626003	addons.webextension.screenshots@mozilla.org	WARN	Loading extension 'screenshots@mozilla.org': Reading manifest: Invalid extension permission: telemetry
1587620626004	addons.webextension.screenshots@mozilla.org	WARN	Loading extension 'screenshots@mozilla.org': Reading manifest: Invalid extension permission: resource://pdf.js/
1587620626004	addons.webextension.screenshots@mozilla.org	WARN	Loading extension 'screenshots@mozilla.org': Reading manifest: Invalid extension permission: about:reader*
1587620629743	Marionette	INFO	Listening on port 43451
1587620629750	Marionette	WARN	TLS certificate errors will be ignored for this session
JavaScript error: , line 0: UnknownError: The operation failed for reasons unrelated to the database itself and not covered by any other error code.
1587620674196	Marionette	INFO	Stopped listening on port 43451
1587620680334	mozrunner::runner	INFO	Running command: "/usr/bin/firefox" "-marionette" "-foreground" "-no-remote" "-profile" "/tmp/rust_mozprofileCGMFQ8"
1587620681267	addons.webextension.doh-rollout@mozilla.org	WARN	Loading extension 'doh-rollout@mozilla.org': Reading manifest: Invalid extension permission: networkStatus
1587620683666	addons.webextension.screenshots@mozilla.org	WARN	Loading extension 'screenshots@mozilla.org': Reading manifest: Invalid extension permission: mozillaAddons
1587620683666	addons.webextension.screenshots@mozilla.org	WARN	Loading extension 'screenshots@mozilla.org': Reading manifest: Invalid extension permission: telemetry
1587620683666	addons.webextension.screenshots@mozilla.org	WARN	Loading extension 'screenshots@mozilla.org': Reading manifest: Invalid extension permission: resource://pdf.js/
1587620683666	addons.webextension.screenshots@mozilla.org	WARN	Loading extension 'screenshots@mozilla.org': Reading manifest: Invalid extension permission: about:reader*
1587620686157	Marionette	INFO	Listening on port 42229
1587620686261	Marionette	WARN	TLS certificate errors will be ignored for this session
JavaScript warning: https://web.whatsapp.com/app.ca7f73985b45fbf63033.js, line 1: unreachable code after return statement
JavaScript warning: https://web.whatsapp.com/app.ca7f73985b45fbf63033.js, line 1: unreachable code after return statement

(/usr/lib/firefox/firefox:411): Gtk-WARNING **: 11:14:50.034: Could not load a pixbuf from /org/gtk/libgtk/theme/Adwaita/assets/check-symbolic.svg.
This may indicate that pixbuf loaders or the mime database could not be found.
JavaScript error: , line 0: UnknownError: The operation failed for reasons unrelated to the database itself and not covered by any other error code.
1587620749055	Marionette	INFO	Stopped listening on port 42229
Exiting due to channel error.
Exiting due to channel error.
Exiting due to channel error.
[GFX1-]: Receive IPC close with reason=AbnormalShutdown
Exiting due to channel error.
Exiting due to channel error.
Exiting due to channel error.
Exiting due to channel error.
Exiting due to channel error.
Exiting due to channel error.
Exiting due to channel error.
Exiting due to channel error.
Exiting due to channel error.
